<?xml version="1.0" encoding="UTF-8"?>
<!-- Generated by org.testng.reporters.JUnitXMLReporter -->
<testsuite ignored="0" hostname="Vamshi" failures="0" tests="3" name="Default test" time="102.266" errors="0" timestamp="2026-09-13T16:39:24 IST">
  <testcase classname="com.saucedemo.tests.CartTests" name="addingThreeItemsShouldShowCartBadgeThree" time="15.348"/>
  <testcase classname="com.saucedemo.tests.CartTests" name="cartPageShouldListAddedItems" time="15.292"/>
  <testcase classname="com.saucedemo.tests.CartTests" name="removingItemFromCartShouldUpdateCount" time="20.521"/>
</testsuite> <!-- Default test -->
