<?xml version="1.0" encoding="UTF-8"?>
<testng-results ignored="0" total="15" passed="15" failed="0" skipped="0">
  <reporter-output>
  </reporter-output>
  <suite started-at="2026-09-13T16:39:42 IST" name="SauceDemo Regression Suite" finished-at="2026-09-13T16:47:01 IST" duration-ms="439642">
    <groups>
    </groups>
    <test started-at="2026-09-13T16:39:42 IST" name="Full Regression" finished-at="2026-09-13T16:47:01 IST" duration-ms="439642">
      <class name="com.saucedemo.tests.CartTests">
        <test-method is-config="true" signature="setUp()[pri:0, instance:com.saucedemo.tests.CartTests@65e98b1c]" started-at="2026-09-13T16:43:29 IST" name="setUp" finished-at="2026-09-13T16:43:31 IST" duration-ms="1760" status="PASS">
          <reporter-output>
          </reporter-output>
        </test-method> <!-- setUp -->
        <test-method is-config="true" signature="loginBeforeEachTest()[pri:0, instance:com.saucedemo.tests.CartTests@65e98b1c]" started-at="2026-09-13T16:43:31 IST" name="loginBeforeEachTest" finished-at="2026-09-13T16:43:46 IST" duration-ms="15323" status="PASS">
          <reporter-output>
          </reporter-output>
        </test-method> <!-- loginBeforeEachTest -->
        <test-method signature="addingThreeItemsShouldShowCartBadgeThree()[pri:0, instance:com.saucedemo.tests.CartTests@65e98b1c]" started-at="2026-09-13T16:43:46 IST" name="addingThreeItemsShouldShowCartBadgeThree" finished-at="2026-09-13T16:44:02 IST" duration-ms="15310" status="PASS">
          <reporter-output>
          </reporter-output>
        </test-method> <!-- addingThreeItemsShouldShowCartBadgeThree -->
        <test-method is-config="true" signature="tearDown()[pri:0, instance:com.saucedemo.tests.CartTests@65e98b1c]" started-at="2026-09-13T16:44:02 IST" name="tearDown" finished-at="2026-09-13T16:44:02 IST" duration-ms="201" status="PASS">
          <reporter-output>
          </reporter-output>
        </test-method> <!-- tearDown -->
        <test-method is-config="true" signature="setUp()[pri:0, instance:com.saucedemo.tests.CartTests@65e98b1c]" started-at="2026-09-13T16:44:02 IST" name="setUp" finished-at="2026-09-13T16:44:03 IST" duration-ms="1363" status="PASS">
          <reporter-output>
          </reporter-output>
        </test-method> <!-- setUp -->
        <test-method is-config="true" signature="loginBeforeEachTest()[pri:0, instance:com.saucedemo.tests.CartTests@65e98b1c]" started-at="2026-09-13T16:44:03 IST" name="loginBeforeEachTest" finished-at="2026-09-13T16:44:18 IST" duration-ms="15373" status="PASS">
          <reporter-output>
          </reporter-output>
        </test-method> <!-- loginBeforeEachTest -->
        <test-method signature="cartPageShouldListAddedItems()[pri:0, instance:com.saucedemo.tests.CartTests@65e98b1c]" started-at="2026-09-13T16:44:18 IST" name="cartPageShouldListAddedItems" finished-at="2026-09-13T16:44:34 IST" duration-ms="15343" status="PASS">
          <reporter-output>
          </reporter-output>
        </test-method> <!-- cartPageShouldListAddedItems -->
        <test-method is-config="true" signature="tearDown()[pri:0, instance:com.saucedemo.tests.CartTests@65e98b1c]" started-at="2026-09-13T16:44:34 IST" name="tearDown" finished-at="2026-09-13T16:44:34 IST" duration-ms="179" status="PASS">
          <reporter-output>
          </reporter-output>
        </test-method> <!-- tearDown -->
        <test-method is-config="true" signature="setUp()[pri:0, instance:com.saucedemo.tests.CartTests@65e98b1c]" started-at="2026-09-13T16:44:34 IST" name="setUp" finished-at="2026-09-13T16:44:35 IST" duration-ms="1229" status="PASS">
          <reporter-output>
          </reporter-output>
        </test-method> <!-- setUp -->
        <test-method is-config="true" signature="loginBeforeEachTest()[pri:0, instance:com.saucedemo.tests.CartTests@65e98b1c]" started-at="2026-09-13T16:44:35 IST" name="loginBeforeEachTest" finished-at="2026-09-13T16:44:51 IST" duration-ms="15341" status="PASS">
          <reporter-output>
          </reporter-output>
        </test-method> <!-- loginBeforeEachTest -->
        <test-method signature="removingItemFromCartShouldUpdateCount()[pri:0, instance:com.saucedemo.tests.CartTests@65e98b1c]" started-at="2026-09-13T16:44:51 IST" name="removingItemFromCartShouldUpdateCount" finished-at="2026-09-13T16:45:11 IST" duration-ms="20405" status="PASS">
          <reporter-output>
          </reporter-output>
        </test-method> <!-- removingItemFromCartShouldUpdateCount -->
        <test-method is-config="true" signature="tearDown()[pri:0, instance:com.saucedemo.tests.CartTests@65e98b1c]" started-at="2026-09-13T16:45:11 IST" name="tearDown" finished-at="2026-09-13T16:45:11 IST" duration-ms="180" status="PASS">
          <reporter-output>
          </reporter-output>
        </test-method> <!-- tearDown -->
      </class> <!-- com.saucedemo.tests.CartTests -->
      <class name="com.saucedemo.tests.LoginTests">
        <test-method is-config="true" signature="setUp()[pri:0, instance:com.saucedemo.tests.LoginTests@75d4a5c2]" started-at="2026-09-13T16:39:42 IST" name="setUp" finished-at="2026-09-13T16:39:43 IST" duration-ms="1608" status="PASS">
          <reporter-output>
          </reporter-output>
        </test-method> <!-- setUp -->
        <test-method signature="emptyCredentialsShouldShowError()[pri:0, instance:com.saucedemo.tests.LoginTests@75d4a5c2]" started-at="2026-09-13T16:39:43 IST" name="emptyCredentialsShouldShowError" finished-at="2026-09-13T16:39:59 IST" duration-ms="15729" status="PASS">
          <reporter-output>
          </reporter-output>
        </test-method> <!-- emptyCredentialsShouldShowError -->
        <test-method is-config="true" signature="tearDown()[pri:0, instance:com.saucedemo.tests.LoginTests@75d4a5c2]" started-at="2026-09-13T16:39:59 IST" name="tearDown" finished-at="2026-09-13T16:39:59 IST" duration-ms="210" status="PASS">
          <reporter-output>
          </reporter-output>
        </test-method> <!-- tearDown -->
        <test-method is-config="true" signature="setUp()[pri:0, instance:com.saucedemo.tests.LoginTests@75d4a5c2]" started-at="2026-09-13T16:39:59 IST" name="setUp" finished-at="2026-09-13T16:40:01 IST" duration-ms="1556" status="PASS">
          <reporter-output>
          </reporter-output>
        </test-method> <!-- setUp -->
        <test-method signature="invalidPasswordShouldShowError()[pri:0, instance:com.saucedemo.tests.LoginTests@75d4a5c2]" started-at="2026-09-13T16:40:01 IST" name="invalidPasswordShouldShowError" finished-at="2026-09-13T16:40:16 IST" duration-ms="15402" status="PASS">
          <reporter-output>
          </reporter-output>
        </test-method> <!-- invalidPasswordShouldShowError -->
        <test-method is-config="true" signature="tearDown()[pri:0, instance:com.saucedemo.tests.LoginTests@75d4a5c2]" started-at="2026-09-13T16:40:16 IST" name="tearDown" finished-at="2026-09-13T16:40:16 IST" duration-ms="180" status="PASS">
          <reporter-output>
          </reporter-output>
        </test-method> <!-- tearDown -->
        <test-method is-config="true" signature="setUp()[pri:0, instance:com.saucedemo.tests.LoginTests@75d4a5c2]" started-at="2026-09-13T16:40:16 IST" name="setUp" finished-at="2026-09-13T16:40:18 IST" duration-ms="1249" status="PASS">
          <reporter-output>
          </reporter-output>
        </test-method> <!-- setUp -->
        <test-method signature="lockedOutUserShouldShowError()[pri:0, instance:com.saucedemo.tests.LoginTests@75d4a5c2]" started-at="2026-09-13T16:40:18 IST" name="lockedOutUserShouldShowError" finished-at="2026-09-13T16:40:33 IST" duration-ms="15409" status="PASS">
          <reporter-output>
          </reporter-output>
        </test-method> <!-- lockedOutUserShouldShowError -->
        <test-method is-config="true" signature="tearDown()[pri:0, instance:com.saucedemo.tests.LoginTests@75d4a5c2]" started-at="2026-09-13T16:40:33 IST" name="tearDown" finished-at="2026-09-13T16:40:33 IST" duration-ms="212" status="PASS">
          <reporter-output>
          </reporter-output>
        </test-method> <!-- tearDown -->
        <test-method is-config="true" signature="setUp()[pri:0, instance:com.saucedemo.tests.LoginTests@75d4a5c2]" started-at="2026-09-13T16:40:33 IST" name="setUp" finished-at="2026-09-13T16:40:34 IST" duration-ms="1274" status="PASS">
          <reporter-output>
          </reporter-output>
        </test-method> <!-- setUp -->
        <test-method signature="validLoginShouldShowInventoryPage()[pri:0, instance:com.saucedemo.tests.LoginTests@75d4a5c2]" started-at="2026-09-13T16:40:34 IST" name="validLoginShouldShowInventoryPage" finished-at="2026-09-13T16:40:50 IST" duration-ms="15427" status="PASS">
          <reporter-output>
          </reporter-output>
        </test-method> <!-- validLoginShouldShowInventoryPage -->
        <test-method is-config="true" signature="tearDown()[pri:0, instance:com.saucedemo.tests.LoginTests@75d4a5c2]" started-at="2026-09-13T16:40:50 IST" name="tearDown" finished-at="2026-09-13T16:40:50 IST" duration-ms="195" status="PASS">
          <reporter-output>
          </reporter-output>
        </test-method> <!-- tearDown -->
      </class> <!-- com.saucedemo.tests.LoginTests -->
      <class name="com.saucedemo.tests.InventoryTests">
        <test-method is-config="true" signature="setUp()[pri:0, instance:com.saucedemo.tests.InventoryTests@489115ef]" started-at="2026-09-13T16:40:50 IST" name="setUp" finished-at="2026-09-13T16:40:51 IST" duration-ms="1276" status="PASS">
          <reporter-output>
          </reporter-output>
        </test-method> <!-- setUp -->
        <test-method is-config="true" signature="loginBeforeEachTest()[pri:0, instance:com.saucedemo.tests.InventoryTests@489115ef]" started-at="2026-09-13T16:40:51 IST" name="loginBeforeEachTest" finished-at="2026-09-13T16:41:07 IST" duration-ms="15372" status="PASS">
          <reporter-output>
          </reporter-output>
        </test-method> <!-- loginBeforeEachTest -->
        <test-method signature="addingItemShouldUpdateCartBadge()[pri:0, instance:com.saucedemo.tests.InventoryTests@489115ef]" started-at="2026-09-13T16:41:07 IST" name="addingItemShouldUpdateCartBadge" finished-at="2026-09-13T16:41:12 IST" duration-ms="5184" status="PASS">
          <reporter-output>
          </reporter-output>
        </test-method> <!-- addingItemShouldUpdateCartBadge -->
        <test-method is-config="true" signature="tearDown()[pri:0, instance:com.saucedemo.tests.InventoryTests@489115ef]" started-at="2026-09-13T16:41:12 IST" name="tearDown" finished-at="2026-09-13T16:41:12 IST" duration-ms="194" status="PASS">
          <reporter-output>
          </reporter-output>
        </test-method> <!-- tearDown -->
        <test-method is-config="true" signature="setUp()[pri:0, instance:com.saucedemo.tests.InventoryTests@489115ef]" started-at="2026-09-13T16:41:12 IST" name="setUp" finished-at="2026-09-13T16:41:13 IST" duration-ms="1244" status="PASS">
          <reporter-output>
          </reporter-output>
        </test-method> <!-- setUp -->
        <test-method is-config="true" signature="loginBeforeEachTest()[pri:0, instance:com.saucedemo.tests.InventoryTests@489115ef]" started-at="2026-09-13T16:41:13 IST" name="loginBeforeEachTest" finished-at="2026-09-13T16:41:29 IST" duration-ms="15335" status="PASS">
          <reporter-output>
          </reporter-output>
        </test-method> <!-- loginBeforeEachTest -->
        <test-method signature="sixProductsShouldBeDisplayed()[pri:0, instance:com.saucedemo.tests.InventoryTests@489115ef]" started-at="2026-09-13T16:41:29 IST" name="sixProductsShouldBeDisplayed" finished-at="2026-09-13T16:41:29 IST" duration-ms="48" status="PASS">
          <reporter-output>
          </reporter-output>
        </test-method> <!-- sixProductsShouldBeDisplayed -->
        <test-method is-config="true" signature="tearDown()[pri:0, instance:com.saucedemo.tests.InventoryTests@489115ef]" started-at="2026-09-13T16:41:29 IST" name="tearDown" finished-at="2026-09-13T16:41:29 IST" duration-ms="244" status="PASS">
          <reporter-output>
          </reporter-output>
        </test-method> <!-- tearDown -->
        <test-method is-config="true" signature="setUp()[pri:0, instance:com.saucedemo.tests.InventoryTests@489115ef]" started-at="2026-09-13T16:41:29 IST" name="setUp" finished-at="2026-09-13T16:41:30 IST" duration-ms="1003" status="PASS">
          <reporter-output>
          </reporter-output>
        </test-method> <!-- setUp -->
        <test-method is-config="true" signature="loginBeforeEachTest()[pri:0, instance:com.saucedemo.tests.InventoryTests@489115ef]" started-at="2026-09-13T16:41:30 IST" name="loginBeforeEachTest" finished-at="2026-09-13T16:41:46 IST" duration-ms="15585" status="PASS">
          <reporter-output>
          </reporter-output>
        </test-method> <!-- loginBeforeEachTest -->
        <test-method signature="sortingByNameShouldOrderCorrectly(java.lang.String,boolean)[pri:0, instance:com.saucedemo.tests.InventoryTests@489115ef]" started-at="2026-09-13T16:41:46 IST" name="sortingByNameShouldOrderCorrectly" data-provider="nameSortOptions" finished-at="2026-09-13T16:41:59 IST" duration-ms="13311" status="PASS">
          <params>
            <param index="0">
              <value>
                <![CDATA[Name (A to Z)]]>
              </value>
            </param>
            <param index="1">
              <value>
                <![CDATA[true]]>
              </value>
            </param>
          </params>
          <reporter-output>
          </reporter-output>
        </test-method> <!-- sortingByNameShouldOrderCorrectly -->
        <test-method is-config="true" signature="tearDown()[pri:0, instance:com.saucedemo.tests.InventoryTests@489115ef]" started-at="2026-09-13T16:41:59 IST" name="tearDown" finished-at="2026-09-13T16:41:59 IST" duration-ms="197" status="PASS">
          <reporter-output>
          </reporter-output>
        </test-method> <!-- tearDown -->
        <test-method is-config="true" signature="setUp()[pri:0, instance:com.saucedemo.tests.InventoryTests@489115ef]" started-at="2026-09-13T16:41:59 IST" name="setUp" finished-at="2026-09-13T16:42:00 IST" duration-ms="912" status="PASS">
          <reporter-output>
          </reporter-output>
        </test-method> <!-- setUp -->
        <test-method is-config="true" signature="loginBeforeEachTest()[pri:0, instance:com.saucedemo.tests.InventoryTests@489115ef]" started-at="2026-09-13T16:42:00 IST" name="loginBeforeEachTest" finished-at="2026-09-13T16:42:16 IST" duration-ms="15684" status="PASS">
          <reporter-output>
          </reporter-output>
        </test-method> <!-- loginBeforeEachTest -->
        <test-method signature="sortingByNameShouldOrderCorrectly(java.lang.String,boolean)[pri:0, instance:com.saucedemo.tests.InventoryTests@489115ef]" started-at="2026-09-13T16:42:16 IST" name="sortingByNameShouldOrderCorrectly" data-provider="nameSortOptions" finished-at="2026-09-13T16:42:29 IST" duration-ms="13290" status="PASS">
          <params>
            <param index="0">
              <value>
                <![CDATA[Name (Z to A)]]>
              </value>
            </param>
            <param index="1">
              <value>
                <![CDATA[false]]>
              </value>
            </param>
          </params>
          <reporter-output>
          </reporter-output>
        </test-method> <!-- sortingByNameShouldOrderCorrectly -->
        <test-method is-config="true" signature="tearDown()[pri:0, instance:com.saucedemo.tests.InventoryTests@489115ef]" started-at="2026-09-13T16:42:29 IST" name="tearDown" finished-at="2026-09-13T16:42:29 IST" duration-ms="182" status="PASS">
          <reporter-output>
          </reporter-output>
        </test-method> <!-- tearDown -->
        <test-method is-config="true" signature="setUp()[pri:0, instance:com.saucedemo.tests.InventoryTests@489115ef]" started-at="2026-09-13T16:42:29 IST" name="setUp" finished-at="2026-09-13T16:42:30 IST" duration-ms="1210" status="PASS">
          <reporter-output>
          </reporter-output>
        </test-method> <!-- setUp -->
        <test-method is-config="true" signature="loginBeforeEachTest()[pri:0, instance:com.saucedemo.tests.InventoryTests@489115ef]" started-at="2026-09-13T16:42:30 IST" name="loginBeforeEachTest" finished-at="2026-09-13T16:42:46 IST" duration-ms="15338" status="PASS">
          <reporter-output>
          </reporter-output>
        </test-method> <!-- loginBeforeEachTest -->
        <test-method signature="sortingByPriceShouldOrderCorrectly(java.lang.String,boolean)[pri:0, instance:com.saucedemo.tests.InventoryTests@489115ef]" started-at="2026-09-13T16:42:46 IST" name="sortingByPriceShouldOrderCorrectly" data-provider="priceSortOptions" finished-at="2026-09-13T16:42:59 IST" duration-ms="13264" status="PASS">
          <params>
            <param index="0">
              <value>
                <![CDATA[Price (low to high)]]>
              </value>
            </param>
            <param index="1">
              <value>
                <![CDATA[true]]>
              </value>
            </param>
          </params>
          <reporter-output>
          </reporter-output>
        </test-method> <!-- sortingByPriceShouldOrderCorrectly -->
        <test-method is-config="true" signature="tearDown()[pri:0, instance:com.saucedemo.tests.InventoryTests@489115ef]" started-at="2026-09-13T16:42:59 IST" name="tearDown" finished-at="2026-09-13T16:42:59 IST" duration-ms="207" status="PASS">
          <reporter-output>
          </reporter-output>
        </test-method> <!-- tearDown -->
        <test-method is-config="true" signature="setUp()[pri:0, instance:com.saucedemo.tests.InventoryTests@489115ef]" started-at="2026-09-13T16:42:59 IST" name="setUp" finished-at="2026-09-13T16:43:00 IST" duration-ms="1147" status="PASS">
          <reporter-output>
          </reporter-output>
        </test-method> <!-- setUp -->
        <test-method is-config="true" signature="loginBeforeEachTest()[pri:0, instance:com.saucedemo.tests.InventoryTests@489115ef]" started-at="2026-09-13T16:43:00 IST" name="loginBeforeEachTest" finished-at="2026-09-13T16:43:16 IST" duration-ms="15318" status="PASS">
          <reporter-output>
          </reporter-output>
        </test-method> <!-- loginBeforeEachTest -->
        <test-method signature="sortingByPriceShouldOrderCorrectly(java.lang.String,boolean)[pri:0, instance:com.saucedemo.tests.InventoryTests@489115ef]" started-at="2026-09-13T16:43:16 IST" name="sortingByPriceShouldOrderCorrectly" data-provider="priceSortOptions" finished-at="2026-09-13T16:43:29 IST" duration-ms="13323" status="PASS">
          <params>
            <param index="0">
              <value>
                <![CDATA[Price (high to low)]]>
              </value>
            </param>
            <param index="1">
              <value>
                <![CDATA[false]]>
              </value>
            </param>
          </params>
          <reporter-output>
          </reporter-output>
        </test-method> <!-- sortingByPriceShouldOrderCorrectly -->
        <test-method is-config="true" signature="tearDown()[pri:0, instance:com.saucedemo.tests.InventoryTests@489115ef]" started-at="2026-09-13T16:43:29 IST" name="tearDown" finished-at="2026-09-13T16:43:29 IST" duration-ms="182" status="PASS">
          <reporter-output>
          </reporter-output>
        </test-method> <!-- tearDown -->
      </class> <!-- com.saucedemo.tests.InventoryTests -->
      <class name="com.saucedemo.tests.CheckoutTests">
        <test-method is-config="true" signature="setUp()[pri:0, instance:com.saucedemo.tests.CheckoutTests@61322f9d]" started-at="2026-09-13T16:45:11 IST" name="setUp" finished-at="2026-09-13T16:45:12 IST" duration-ms="1158" status="PASS">
          <reporter-output>
          </reporter-output>
        </test-method> <!-- setUp -->
        <test-method is-config="true" signature="loginAndAddItemBeforeEachTest()[pri:0, instance:com.saucedemo.tests.CheckoutTests@61322f9d]" started-at="2026-09-13T16:45:12 IST" name="loginAndAddItemBeforeEachTest" finished-at="2026-09-13T16:45:43 IST" duration-ms="30613" status="PASS">
          <reporter-output>
          </reporter-output>
        </test-method> <!-- loginAndAddItemBeforeEachTest -->
        <test-method signature="checkoutWithMissingFirstNameShouldShowError()[pri:0, instance:com.saucedemo.tests.CheckoutTests@61322f9d]" started-at="2026-09-13T16:45:43 IST" name="checkoutWithMissingFirstNameShouldShowError" finished-at="2026-09-13T16:46:03 IST" duration-ms="20419" status="PASS">
          <reporter-output>
          </reporter-output>
        </test-method> <!-- checkoutWithMissingFirstNameShouldShowError -->
        <test-method is-config="true" signature="tearDown()[pri:0, instance:com.saucedemo.tests.CheckoutTests@61322f9d]" started-at="2026-09-13T16:46:03 IST" name="tearDown" finished-at="2026-09-13T16:46:04 IST" duration-ms="186" status="PASS">
          <reporter-output>
          </reporter-output>
        </test-method> <!-- tearDown -->
        <test-method is-config="true" signature="setUp()[pri:0, instance:com.saucedemo.tests.CheckoutTests@61322f9d]" started-at="2026-09-13T16:46:04 IST" name="setUp" finished-at="2026-09-13T16:46:05 IST" duration-ms="1349" status="PASS">
          <reporter-output>
          </reporter-output>
        </test-method> <!-- setUp -->
        <test-method is-config="true" signature="loginAndAddItemBeforeEachTest()[pri:0, instance:com.saucedemo.tests.CheckoutTests@61322f9d]" started-at="2026-09-13T16:46:05 IST" name="loginAndAddItemBeforeEachTest" finished-at="2026-09-13T16:46:36 IST" duration-ms="30631" status="PASS">
          <reporter-output>
          </reporter-output>
        </test-method> <!-- loginAndAddItemBeforeEachTest -->
        <test-method signature="completeCheckoutShouldShowThankYouMessage()[pri:0, instance:com.saucedemo.tests.CheckoutTests@61322f9d]" started-at="2026-09-13T16:46:36 IST" name="completeCheckoutShouldShowThankYouMessage" finished-at="2026-09-13T16:47:01 IST" duration-ms="25533" status="PASS">
          <reporter-output>
          </reporter-output>
        </test-method> <!-- completeCheckoutShouldShowThankYouMessage -->
        <test-method is-config="true" signature="tearDown()[pri:0, instance:com.saucedemo.tests.CheckoutTests@61322f9d]" started-at="2026-09-13T16:47:01 IST" name="tearDown" finished-at="2026-09-13T16:47:01 IST" duration-ms="181" status="PASS">
          <reporter-output>
          </reporter-output>
        </test-method> <!-- tearDown -->
      </class> <!-- com.saucedemo.tests.CheckoutTests -->
    </test> <!-- Full Regression -->
  </suite> <!-- SauceDemo Regression Suite -->
</testng-results>
