<?xml version="1.0" encoding="UTF-8"?>
<!-- Generated by org.testng.reporters.JUnitReportReporter -->
<testsuite hostname="Vamshi" failures="0" tests="4" name="com.saucedemo.tests.LoginTests" time="68.451" errors="0" timestamp="2026-09-13T16:47:01 IST" skipped="0">
  <testcase classname="com.saucedemo.tests.LoginTests" name="emptyCredentialsShouldShowError" time="17.549"/>
  <testcase classname="com.saucedemo.tests.LoginTests" name="lockedOutUserShouldShowError" time="17.145"/>
  <testcase classname="com.saucedemo.tests.LoginTests" name="validLoginShouldShowInventoryPage" time="16.871"/>
  <testcase classname="com.saucedemo.tests.LoginTests" name="invalidPasswordShouldShowError" time="16.886"/>
</testsuite> <!-- com.saucedemo.tests.LoginTests -->
