<?xml version="1.0" encoding="UTF-8"?>
<!-- Generated by org.testng.reporters.JUnitReportReporter -->
<testsuite hostname="Vamshi" failures="0" tests="6" name="com.saucedemo.tests.InventoryTests" time="159.050" errors="0" timestamp="2026-09-13T16:47:01 IST" skipped="0">
  <testcase classname="com.saucedemo.tests.InventoryTests" name="sortingByNameShouldOrderCorrectly" time="30.113"/>
  <testcase classname="com.saucedemo.tests.InventoryTests" name="sortingByPriceShouldOrderCorrectly" time="29.804"/>
  <testcase classname="com.saucedemo.tests.InventoryTests" name="addingItemShouldUpdateCartBadge" time="21.979"/>
  <testcase classname="com.saucedemo.tests.InventoryTests" name="sixProductsShouldBeDisplayed" time="17.124"/>
  <testcase classname="com.saucedemo.tests.InventoryTests" name="sortingByNameShouldOrderCorrectly" time="29.978"/>
  <testcase classname="com.saucedemo.tests.InventoryTests" name="sortingByPriceShouldOrderCorrectly" time="30.052"/>
</testsuite> <!-- com.saucedemo.tests.InventoryTests -->
