<?xml version="1.0" encoding="UTF-8"?>
<!-- Generated by org.testng.reporters.JUnitReportReporter -->
<testsuite hostname="Vamshi" failures="0" tests="2" name="com.saucedemo.tests.CheckoutTests" time="110.070" errors="0" timestamp="2026-09-13T16:47:01 IST" skipped="0">
  <testcase classname="com.saucedemo.tests.CheckoutTests" name="checkoutWithMissingFirstNameShouldShowError" time="52.580"/>
  <testcase classname="com.saucedemo.tests.CheckoutTests" name="completeCheckoutShouldShowThankYouMessage" time="57.490"/>
</testsuite> <!-- com.saucedemo.tests.CheckoutTests -->
