<?xml version="1.0" encoding="UTF-8"?>
<!-- Generated by org.testng.reporters.JUnitReportReporter -->
<testsuite hostname="Vamshi" failures="0" tests="3" name="com.saucedemo.tests.CartTests" time="102.007" errors="0" timestamp="2026-09-13T16:47:01 IST" skipped="0">
  <testcase classname="com.saucedemo.tests.CartTests" name="removingItemFromCartShouldUpdateCount" time="37.136"/>
  <testcase classname="com.saucedemo.tests.CartTests" name="addingThreeItemsShouldShowCartBadgeThree" time="32.612"/>
  <testcase classname="com.saucedemo.tests.CartTests" name="cartPageShouldListAddedItems" time="32.259"/>
</testsuite> <!-- com.saucedemo.tests.CartTests -->
