<?xml version="1.0" encoding="UTF-8"?>
<!-- Generated by org.testng.reporters.JUnitXMLReporter -->
<testsuite ignored="0" hostname="Vamshi" failures="0" tests="15" name="Full Regression" time="439.642" errors="0" timestamp="2026-09-13T16:47:01 IST">
  <testcase classname="com.saucedemo.tests.LoginTests" name="emptyCredentialsShouldShowError" time="15.729"/>
  <testcase classname="com.saucedemo.tests.LoginTests" name="invalidPasswordShouldShowError" time="15.402"/>
  <testcase classname="com.saucedemo.tests.LoginTests" name="lockedOutUserShouldShowError" time="15.409"/>
  <testcase classname="com.saucedemo.tests.LoginTests" name="validLoginShouldShowInventoryPage" time="15.427"/>
  <testcase classname="com.saucedemo.tests.InventoryTests" name="addingItemShouldUpdateCartBadge" time="5.184"/>
  <testcase classname="com.saucedemo.tests.InventoryTests" name="sixProductsShouldBeDisplayed" time="0.048"/>
  <testcase classname="com.saucedemo.tests.InventoryTests" name="sortingByNameShouldOrderCorrectly" time="13.311"/>
  <testcase classname="com.saucedemo.tests.InventoryTests" name="sortingByNameShouldOrderCorrectly" time="13.29"/>
  <testcase classname="com.saucedemo.tests.InventoryTests" name="sortingByPriceShouldOrderCorrectly" time="13.264"/>
  <testcase classname="com.saucedemo.tests.InventoryTests" name="sortingByPriceShouldOrderCorrectly" time="13.323"/>
  <testcase classname="com.saucedemo.tests.CartTests" name="addingThreeItemsShouldShowCartBadgeThree" time="15.31"/>
  <testcase classname="com.saucedemo.tests.CartTests" name="cartPageShouldListAddedItems" time="15.343"/>
  <testcase classname="com.saucedemo.tests.CartTests" name="removingItemFromCartShouldUpdateCount" time="20.405"/>
  <testcase classname="com.saucedemo.tests.CheckoutTests" name="checkoutWithMissingFirstNameShouldShowError" time="20.419"/>
  <testcase classname="com.saucedemo.tests.CheckoutTests" name="completeCheckoutShouldShowThankYouMessage" time="25.533"/>
</testsuite> <!-- Full Regression -->
